<?xml version="1.0" ?>
<!DOCTYPE coverage SYSTEM 'http://cobertura.sourceforge.net/xml/coverage-03.dtd'>
<coverage line-rate="0.000" version="1.9" timestamp="1484941799">
	<sources>
		<source>/</source>
	</sources>
	<packages>
		<package name="sms_out" line-rate="0.000" branch-rate="1.0" complexity="1.0">
			<classes>
				<class name="fcntl2_h" filename="usr/include/x86_64-linux-gnu/bits/fcntl2.h" line-rate="0.000">
					<lines>
						<line number="53" hits="0"/>
					</lines>
				</class>
				<class name="stdio2_h" filename="usr/include/x86_64-linux-gnu/bits/stdio2.h" line-rate="0.000">
					<lines>
						<line number="97" hits="0"/>
					</lines>
				</class>
				<class name="string3_h" filename="usr/include/x86_64-linux-gnu/bits/string3.h" line-rate="0.000">
					<lines>
						<line number="84" hits="0"/>
						<line number="120" hits="0"/>
					</lines>
				</class>
				<class name="smsAsciiDecoding_c" filename="home/kc/c_workspace/smsAsciiDecoding.c" line-rate="0.882">
					<lines>
						<line number="52" hits="1"/>
						<line number="55" hits="2"/>
						<line number="56" hits="1"/>
						<line number="57" hits="1"/>
						<line number="60" hits="1"/>
						<line number="61" hits="1"/>
						<line number="64" hits="1"/>
						<line number="65" hits="0"/>
						<line number="66" hits="0"/>
						<line number="68" hits="1"/>
						<line number="71" hits="1"/>
						<line number="73" hits="1"/>
						<line number="76" hits="2"/>
						<line number="77" hits="1"/>
						<line number="82" hits="1"/>
						<line number="83" hits="1"/>
						<line number="84" hits="1"/>
					</lines>
				</class>
			</classes>
		</package>
	</packages>
</coverage>
